<?xml version="1.0" encoding="UTF-8"?>
<testsuite name="com.generation.app.PruebaServerApplicationTests" tests="1" skipped="0" failures="0" errors="0" timestamp="2024-01-19T06:02:31" hostname="DESKTOP-E0VR2JK" time="0.631">
  <properties/>
  <testcase name="contextLoads()" classname="com.generation.app.PruebaServerApplicationTests" time="0.631"/>
  <system-out><![CDATA[Standard Commons Logging discovery in action with spring-jcl: please remove commons-logging.jar from classpath in order to avoid potential conflicts
00:02:25.273 [Test worker] INFO org.springframework.test.context.support.AnnotationConfigContextLoaderUtils -- Could not detect default configuration classes for test class [com.generation.app.PruebaServerApplicationTests]: PruebaServerApplicationTests does not declare any static, non-private, non-final, nested classes annotated with @Configuration.
00:02:25.406 [Test worker] INFO org.springframework.boot.test.context.SpringBootTestContextBootstrapper -- Found @SpringBootConfiguration com.generation.app.PruebaServerApplication for test class com.generation.app.PruebaServerApplicationTests

  .   ____          _            __ _ _
 /\\ / ___'_ __ _ _(_)_ __  __ _ \ \ \ \
( ( )\___ | '_ | '_| | '_ \/ _` | \ \ \ \
 \\/  ___)| |_)| | | | | || (_| |  ) ) ) )
  '  |____| .__|_| |_|_| |_\__, | / / / /
 =========|_|==============|___/=/_/_/_/
 :: Spring Boot ::                (v3.2.1)

2024-01-19T00:02:25.963-06:00  WARN 11416 --- [    Test worker] ory$DuplicateJsonObjectContextCustomizer : 

Found multiple occurrences of org.json.JSONObject on the class path:

	jar:file:/C:/Users/Alan/.gradle/caches/modules-2/files-2.1/org.json/json/20231013/e22e0c040fe16f04ffdb85d851d77b07fc05ea52/json-20231013.jar!/org/json/JSONObject.class
	jar:file:/C:/Users/Alan/.gradle/caches/modules-2/files-2.1/com.vaadin.external.google/android-json/0.0.20131108.vaadin1/fa26d351fe62a6a17f5cda1287c1c6110dec413f/android-json-0.0.20131108.vaadin1.jar!/org/json/JSONObject.class

You may wish to exclude one of them to ensure predictable runtime behavior

2024-01-19T00:02:25.989-06:00  INFO 11416 --- [    Test worker] c.g.app.PruebaServerApplicationTests     : Starting PruebaServerApplicationTests using Java 21.0.1 with PID 11416 (started by Alan in C:\Users\Alan\Documents\Generation\pruebajwtsp6\pruebaServer)
2024-01-19T00:02:25.990-06:00  INFO 11416 --- [    Test worker] c.g.app.PruebaServerApplicationTests     : The following 1 profile is active: "${PROFILE}"
2024-01-19T00:02:26.975-06:00  INFO 11416 --- [    Test worker] .s.d.r.c.RepositoryConfigurationDelegate : Bootstrapping Spring Data JPA repositories in DEFAULT mode.
2024-01-19T00:02:27.063-06:00  INFO 11416 --- [    Test worker] .s.d.r.c.RepositoryConfigurationDelegate : Finished Spring Data repository scanning in 77 ms. Found 3 JPA repository interfaces.
2024-01-19T00:02:27.738-06:00  INFO 11416 --- [    Test worker] com.zaxxer.hikari.HikariDataSource       : HikariPool-1 - Starting...
2024-01-19T00:02:28.012-06:00  INFO 11416 --- [    Test worker] com.zaxxer.hikari.pool.HikariPool        : HikariPool-1 - Added connection conn0: url=jdbc:h2:mem:8b65ceda-20b6-46da-b177-aab810b37c09 user=SA
2024-01-19T00:02:28.015-06:00  INFO 11416 --- [    Test worker] com.zaxxer.hikari.HikariDataSource       : HikariPool-1 - Start completed.
2024-01-19T00:02:28.081-06:00  INFO 11416 --- [    Test worker] o.hibernate.jpa.internal.util.LogHelper  : HHH000204: Processing PersistenceUnitInfo [name: default]
2024-01-19T00:02:28.190-06:00  INFO 11416 --- [    Test worker] org.hibernate.Version                    : HHH000412: Hibernate ORM core version 6.4.1.Final
2024-01-19T00:02:28.249-06:00  INFO 11416 --- [    Test worker] o.h.c.internal.RegionFactoryInitiator    : HHH000026: Second-level cache disabled
2024-01-19T00:02:28.584-06:00  INFO 11416 --- [    Test worker] o.s.o.j.p.SpringPersistenceUnitInfo      : No LoadTimeWeaver setup: ignoring JPA class transformer
2024-01-19T00:02:29.885-06:00  INFO 11416 --- [    Test worker] o.h.e.t.j.p.i.JtaPlatformInitiator       : HHH000489: No JTA platform available (set 'hibernate.transaction.jta.platform' to enable JTA platform integration)
2024-01-19T00:02:29.905-06:00 DEBUG 11416 --- [    Test worker] org.hibernate.SQL                        : 
    drop table if exists privileges cascade 
2024-01-19T00:02:29.910-06:00 DEBUG 11416 --- [    Test worker] org.hibernate.SQL                        : 
    drop table if exists products cascade 
2024-01-19T00:02:29.910-06:00 DEBUG 11416 --- [    Test worker] org.hibernate.SQL                        : 
    drop table if exists users cascade 
2024-01-19T00:02:29.915-06:00 DEBUG 11416 --- [    Test worker] org.hibernate.SQL                        : 
    create table privileges (
        id_privilege bigint generated by default as identity,
        privilege varchar(45) not null,
        primary key (id_privilege)
    )
2024-01-19T00:02:29.926-06:00 DEBUG 11416 --- [    Test worker] org.hibernate.SQL                        : 
    create table products (
        active boolean,
        height float(53) not null,
        price float(53) not null,
        width float(53) not null,
        id_product bigint generated by default as identity,
        color varchar(25) not null,
        title varchar(45) not null,
        technique varchar(300) not null,
        img varchar(500) not null unique,
        primary key (id_product)
    )
2024-01-19T00:02:29.929-06:00 DEBUG 11416 --- [    Test worker] org.hibernate.SQL                        : 
    create table users (
        fk_privilege bigint not null,
        id bigint generated by default as identity,
        email varchar(35) not null unique,
        first_name varchar(45) not null,
        last_name varchar(45) not null,
        phone varchar(45),
        password varchar(300) not null,
        primary key (id)
    )
2024-01-19T00:02:29.931-06:00 DEBUG 11416 --- [    Test worker] org.hibernate.SQL                        : 
    alter table if exists users 
       add constraint FK722w3cktji3ne997kbr895bke 
       foreign key (fk_privilege) 
       references privileges
2024-01-19T00:02:29.949-06:00  INFO 11416 --- [    Test worker] j.LocalContainerEntityManagerFactoryBean : Initialized JPA EntityManagerFactory for persistence unit 'default'
2024-01-19T00:02:30.595-06:00  WARN 11416 --- [    Test worker] JpaBaseConfiguration$JpaWebConfiguration : spring.jpa.open-in-view is enabled by default. Therefore, database queries may be performed during view rendering. Explicitly configure spring.jpa.open-in-view to disable this warning
2024-01-19T00:02:31.006-06:00  INFO 11416 --- [    Test worker] o.s.s.web.DefaultSecurityFilterChain     : Will secure any request with [org.springframework.security.web.session.DisableEncodeUrlFilter@3b9c386d, org.springframework.security.web.context.request.async.WebAsyncManagerIntegrationFilter@7fb28ed, org.springframework.security.web.context.SecurityContextHolderFilter@4468ced2, org.springframework.security.web.header.HeaderWriterFilter@7da40bf4, org.springframework.web.filter.CorsFilter@13b5598b, org.springframework.security.web.authentication.logout.LogoutFilter@5481f204, com.generation.app.jwt.JwtAuthenticationFilter@752fecbf, org.springframework.security.web.savedrequest.RequestCacheAwareFilter@4e3bc13b, org.springframework.security.web.servletapi.SecurityContextHolderAwareRequestFilter@2c989d82, org.springframework.security.web.authentication.AnonymousAuthenticationFilter@536f389, org.springframework.security.web.session.SessionManagementFilter@334ac669, org.springframework.security.web.access.ExceptionTranslationFilter@40273969, org.springframework.security.web.access.intercept.AuthorizationFilter@6d7a343f]
2024-01-19T00:02:31.444-06:00  INFO 11416 --- [    Test worker] c.g.app.PruebaServerApplicationTests     : Started PruebaServerApplicationTests in 5.795 seconds (process running for 7.484)
]]></system-out>
  <system-err><![CDATA[WARNING: A Java agent has been loaded dynamically (C:\Users\Alan\.gradle\caches\modules-2\files-2.1\net.bytebuddy\byte-buddy-agent\1.14.10\90ed94ac044ea8953b224304c762316e91fd6b31\byte-buddy-agent-1.14.10.jar)
WARNING: If a serviceability tool is in use, please run with -XX:+EnableDynamicAgentLoading to hide this warning
WARNING: If a serviceability tool is not in use, please run with -Djdk.instrument.traceUsage for more information
WARNING: Dynamic loading of agents will be disallowed by default in a future release
]]></system-err>
</testsuite>
