<?xml version="1.0" encoding="UTF-8"?>
<testsuite name="com.generation.app.PruebaServerApplicationTests" tests="1" skipped="0" failures="0" errors="0" timestamp="2024-01-19T00:09:00" hostname="DESKTOP-E0VR2JK" time="0.648">
  <properties/>
  <testcase name="contextLoads()" classname="com.generation.app.PruebaServerApplicationTests" time="0.648"/>
  <system-out><![CDATA[Standard Commons Logging discovery in action with spring-jcl: please remove commons-logging.jar from classpath in order to avoid potential conflicts
18:08:54.368 [Test worker] INFO org.springframework.test.context.support.AnnotationConfigContextLoaderUtils -- Could not detect default configuration classes for test class [com.generation.app.PruebaServerApplicationTests]: PruebaServerApplicationTests does not declare any static, non-private, non-final, nested classes annotated with @Configuration.
18:08:54.509 [Test worker] INFO org.springframework.boot.test.context.SpringBootTestContextBootstrapper -- Found @SpringBootConfiguration com.generation.app.PruebaServerApplication for test class com.generation.app.PruebaServerApplicationTests

  .   ____          _            __ _ _
 /\\ / ___'_ __ _ _(_)_ __  __ _ \ \ \ \
( ( )\___ | '_ | '_| | '_ \/ _` | \ \ \ \
 \\/  ___)| |_)| | | | | || (_| |  ) ) ) )
  '  |____| .__|_| |_|_| |_\__, | / / / /
 =========|_|==============|___/=/_/_/_/
 :: Spring Boot ::                (v3.2.1)

2024-01-18T18:08:55.080-06:00  WARN 8648 --- [    Test worker] ory$DuplicateJsonObjectContextCustomizer : 

Found multiple occurrences of org.json.JSONObject on the class path:

	jar:file:/C:/Users/Alan/.gradle/caches/modules-2/files-2.1/org.json/json/20231013/e22e0c040fe16f04ffdb85d851d77b07fc05ea52/json-20231013.jar!/org/json/JSONObject.class
	jar:file:/C:/Users/Alan/.gradle/caches/modules-2/files-2.1/com.vaadin.external.google/android-json/0.0.20131108.vaadin1/fa26d351fe62a6a17f5cda1287c1c6110dec413f/android-json-0.0.20131108.vaadin1.jar!/org/json/JSONObject.class

You may wish to exclude one of them to ensure predictable runtime behavior

2024-01-18T18:08:55.106-06:00  INFO 8648 --- [    Test worker] c.g.app.PruebaServerApplicationTests     : Starting PruebaServerApplicationTests using Java 21.0.1 with PID 8648 (started by Alan in C:\Users\Alan\Documents\Generation\pruebajwtsp6\pruebaServer)
2024-01-18T18:08:55.108-06:00  INFO 8648 --- [    Test worker] c.g.app.PruebaServerApplicationTests     : The following 1 profile is active: "${PROFILE}"
2024-01-18T18:08:56.062-06:00  INFO 8648 --- [    Test worker] .s.d.r.c.RepositoryConfigurationDelegate : Bootstrapping Spring Data JPA repositories in DEFAULT mode.
2024-01-18T18:08:56.148-06:00  INFO 8648 --- [    Test worker] .s.d.r.c.RepositoryConfigurationDelegate : Finished Spring Data repository scanning in 76 ms. Found 3 JPA repository interfaces.
2024-01-18T18:08:56.794-06:00  INFO 8648 --- [    Test worker] com.zaxxer.hikari.HikariDataSource       : HikariPool-1 - Starting...
2024-01-18T18:08:57.068-06:00  INFO 8648 --- [    Test worker] com.zaxxer.hikari.pool.HikariPool        : HikariPool-1 - Added connection conn0: url=jdbc:h2:mem:d533cc8e-f0fb-4619-acd4-23b4643af2ff user=SA
2024-01-18T18:08:57.072-06:00  INFO 8648 --- [    Test worker] com.zaxxer.hikari.HikariDataSource       : HikariPool-1 - Start completed.
2024-01-18T18:08:57.131-06:00  INFO 8648 --- [    Test worker] o.hibernate.jpa.internal.util.LogHelper  : HHH000204: Processing PersistenceUnitInfo [name: default]
2024-01-18T18:08:57.236-06:00  INFO 8648 --- [    Test worker] org.hibernate.Version                    : HHH000412: Hibernate ORM core version 6.4.1.Final
2024-01-18T18:08:57.293-06:00  INFO 8648 --- [    Test worker] o.h.c.internal.RegionFactoryInitiator    : HHH000026: Second-level cache disabled
2024-01-18T18:08:57.668-06:00  INFO 8648 --- [    Test worker] o.s.o.j.p.SpringPersistenceUnitInfo      : No LoadTimeWeaver setup: ignoring JPA class transformer
2024-01-18T18:08:58.918-06:00  INFO 8648 --- [    Test worker] o.h.e.t.j.p.i.JtaPlatformInitiator       : HHH000489: No JTA platform available (set 'hibernate.transaction.jta.platform' to enable JTA platform integration)
2024-01-18T18:08:58.940-06:00 DEBUG 8648 --- [    Test worker] org.hibernate.SQL                        : 
    drop table if exists privileges cascade 
2024-01-18T18:08:58.944-06:00 DEBUG 8648 --- [    Test worker] org.hibernate.SQL                        : 
    drop table if exists products cascade 
2024-01-18T18:08:58.945-06:00 DEBUG 8648 --- [    Test worker] org.hibernate.SQL                        : 
    drop table if exists users cascade 
2024-01-18T18:08:58.951-06:00 DEBUG 8648 --- [    Test worker] org.hibernate.SQL                        : 
    create table privileges (
        id_privilege bigint generated by default as identity,
        privilege varchar(45) not null,
        primary key (id_privilege)
    )
2024-01-18T18:08:58.964-06:00 DEBUG 8648 --- [    Test worker] org.hibernate.SQL                        : 
    create table products (
        active boolean,
        height float(53) not null,
        price float(53) not null,
        width float(53) not null,
        id_product bigint generated by default as identity,
        color varchar(25) not null,
        title varchar(45) not null,
        technique varchar(300) not null,
        img varchar(500) not null unique,
        primary key (id_product)
    )
2024-01-18T18:08:58.969-06:00 DEBUG 8648 --- [    Test worker] org.hibernate.SQL                        : 
    create table users (
        fk_privilege bigint not null,
        id bigint generated by default as identity,
        email varchar(35) not null unique,
        first_name varchar(45) not null,
        last_name varchar(45) not null,
        phone varchar(45),
        password varchar(300) not null,
        primary key (id)
    )
2024-01-18T18:08:58.971-06:00 DEBUG 8648 --- [    Test worker] org.hibernate.SQL                        : 
    alter table if exists users 
       add constraint FK722w3cktji3ne997kbr895bke 
       foreign key (fk_privilege) 
       references privileges
2024-01-18T18:08:58.991-06:00  INFO 8648 --- [    Test worker] j.LocalContainerEntityManagerFactoryBean : Initialized JPA EntityManagerFactory for persistence unit 'default'
2024-01-18T18:08:59.619-06:00  WARN 8648 --- [    Test worker] JpaBaseConfiguration$JpaWebConfiguration : spring.jpa.open-in-view is enabled by default. Therefore, database queries may be performed during view rendering. Explicitly configure spring.jpa.open-in-view to disable this warning
2024-01-18T18:09:00.006-06:00  INFO 8648 --- [    Test worker] o.s.s.web.DefaultSecurityFilterChain     : Will secure any request with [org.springframework.security.web.session.DisableEncodeUrlFilter@edf4973, org.springframework.security.web.context.request.async.WebAsyncManagerIntegrationFilter@2a49753, org.springframework.security.web.context.SecurityContextHolderFilter@af04d6d, org.springframework.security.web.header.HeaderWriterFilter@e0c03bd, org.springframework.web.filter.CorsFilter@6e68ccc9, org.springframework.security.web.authentication.logout.LogoutFilter@62075e3d, com.generation.app.jwt.JwtAuthenticationFilter@308d4981, org.springframework.security.web.savedrequest.RequestCacheAwareFilter@3816efab, org.springframework.security.web.servletapi.SecurityContextHolderAwareRequestFilter@2d6e09f0, org.springframework.security.web.authentication.AnonymousAuthenticationFilter@1784fcab, org.springframework.security.web.session.SessionManagementFilter@1d160161, org.springframework.security.web.access.ExceptionTranslationFilter@373c8f35, org.springframework.security.web.access.intercept.AuthorizationFilter@171b0d3]
2024-01-18T18:09:00.405-06:00  INFO 8648 --- [    Test worker] c.g.app.PruebaServerApplicationTests     : Started PruebaServerApplicationTests in 5.638 seconds (process running for 7.285)
]]></system-out>
  <system-err><![CDATA[WARNING: A Java agent has been loaded dynamically (C:\Users\Alan\.gradle\caches\modules-2\files-2.1\net.bytebuddy\byte-buddy-agent\1.14.10\90ed94ac044ea8953b224304c762316e91fd6b31\byte-buddy-agent-1.14.10.jar)
WARNING: If a serviceability tool is in use, please run with -XX:+EnableDynamicAgentLoading to hide this warning
WARNING: If a serviceability tool is not in use, please run with -Djdk.instrument.traceUsage for more information
WARNING: Dynamic loading of agents will be disallowed by default in a future release
]]></system-err>
</testsuite>
